Invalid quoted string 'F' encountered while parsing (tag "?PHP" with attributes echo=). 
Invalid character (;) encountered while parsing (tag "?PHP" with attributes). 
Invalid character (;) encountered while parsing (tag "?PHP" with attributes). 
Invalid character (;) encountered while parsing (tag "?PHP" with attributes). 
Invalid character (;) encountered while parsing (tag "?PHP" with attributes). 
Invalid character (;) encountered while parsing (tag "?PHP" with attributes). 
Invalid character (;) encountered while parsing (tag "?PHP" with attributes). 
Invalid character (;) encountered while parsing (tag "?PHP" with attributes). 
Invalid character (;) encountered while parsing (tag "?PHP" with attributes). 
Invalid character (;) encountered while parsing (tag "?PHP" with attributes). 
Invalid character (;) encountered while parsing (tag "?PHP" with attributes). 
Invalid character (;) encountered while parsing (tag "?PHP" with attributes). 
Invalid character (;) encountered while parsing (tag "?PHP" with attributes). 
Invalid character (;) encountered while parsing (tag "?PHP" with attributes). 
Invalid character (;) encountered while parsing (tag "?PHP" with attributes). 
Invalid character (;) encountered while parsing (tag "?PHP" with attributes). 
Invalid character (;) encountered while parsing (tag "?PHP" with attributes). 
Invalid character (;) encountered while parsing (tag "?PHP" with attributes). 
Invalid character (;) encountered while parsing (tag "?PHP" with attributes). 
Invalid character (;) encountered while parsing (tag "?PHP" with attributes). 
Invalid character (;) encountered while parsing (tag "?PHP" with attributes). 
Invalid character (;) encountered while parsing (tag "?PHP" with attributes). 
Invalid quoted string '' encountered while parsing (tag "?PHP" with attributes). 
Invalid quoted string 'YEAR' encountered while parsing (tag "?PHP" with attributes). 
Invalid character (;) encountered while parsing (tag "?PHP" with attributes). 
Invalid character (;) encountered while parsing (tag "?PHP" with attributes). 
Invalid character (;) encountered while parsing (tag "?PHP" with attributes). 
Invalid character (;) encountered while parsing (tag "?PHP" with attributes). 
Invalid character (;) encountered while parsing (tag "?PHP" with attributes). 
Invalid character (;) encountered while parsing (tag "?PHP" with attributes). 
Invalid character (;) encountered while parsing (tag "?PHP" with attributes). 
Invalid character (;) encountered while parsing (tag "?PHP" with attributes). 
Invalid character (;) encountered while parsing (tag "?PHP" with attributes). 
Invalid character (;) encountered while parsing (tag "?PHP" with attributes). 
Invalid character (;) encountered while parsing (tag "?PHP" with attributes). 
Invalid quoted string 'FY' encountered while parsing (tag "?PHP" with attributes echo=). 
Invalid quoted string 'M' encountered while parsing (tag "?PHP" with attributes echo=). 
Invalid character (;) encountered while parsing (tag "?PHP" with attributes). 
Invalid character (;) encountered while parsing (tag "?PHP" with attributes). 
End of file encountered while parsing (tag "META" with attributes http-equiv=>). 
End of file encountered while parsing (tag "META" with attributes http-equiv=>). 
End of file encountered while parsing (tag "META" with attributes http-equiv=>). 
End of file encountered while parsing (tag "META" with attributes http-equiv=>). 
End of file encountered while parsing (tag "META" with attributes http-equiv=>). 
End of file encountered while parsing (tag "META" with attributes http-equiv=>). 
End of file encountered while parsing (tag "META" with attributes http-equiv=>). 
End of file encountered while parsing (tag "META" with attributes http-equiv=>). 
