Invalid character ($) encountered while parsing (tag "?PHP" with attributes). 
Invalid character ($) encountered while parsing (tag "?PHP" with attributes). 
Invalid character (;) encountered while parsing (tag "?PHP" with attributes). 
Invalid character (;) encountered while parsing (tag "?PHP" with attributes). 
Invalid character (;) encountered while parsing (tag "?PHP" with attributes). 
Invalid character (;) encountered while parsing (tag "?PHP" with attributes). 
Invalid character (;) encountered while parsing (tag "?PHP" with attributes). 
Invalid character (;) encountered while parsing (tag "?PHP" with attributes). 
Invalid character (;) encountered while parsing (tag "?PHP" with attributes). 
Invalid character (;) encountered while parsing (tag "?PHP" with attributes). 
Invalid character (;) encountered while parsing (tag "?PHP" with attributes). 
Invalid character (;) encountered while parsing (tag "?PHP" with attributes). 
Invalid character (;) encountered while parsing (tag "?PHP" with attributes). 
Invalid character (;) encountered while parsing (tag "?PHP" with attributes). 
Invalid character (;) encountered while parsing (tag "?PHP" with attributes). 
Invalid character (;) encountered while parsing (tag "?PHP" with attributes). 
Invalid character (;) encountered while parsing (tag "?PHP" with attributes). 
Invalid character (;) encountered while parsing (tag "?PHP" with attributes). 
Invalid character (;) encountered while parsing (tag "?PHP" with attributes). 
Invalid character (;) encountered while parsing (tag "?PHP" with attributes). 
Invalid character (;) encountered while parsing (tag "?PHP" with attributes). 
Invalid character (;) encountered while parsing (tag "?PHP" with attributes). 
Invalid character (;) encountered while parsing (tag "?PHP" with attributes). 
Invalid character (;) encountered while parsing (tag "?PHP" with attributes). 
Invalid character (;) encountered while parsing (tag "?PHP" with attributes). 
Invalid character (;) encountered while parsing (tag "?PHP" with attributes). 
Invalid character (;) encountered while parsing (tag "?PHP" with attributes). 
Invalid character (;) encountered while parsing (tag "?PHP" with attributes). 
Invalid character (;) encountered while parsing (tag "?PHP" with attributes). 
Invalid character (;) encountered while parsing (tag "?PHP" with attributes). 
Invalid character (;) encountered while parsing (tag "?PHP" with attributes). 
Invalid character (;) encountered while parsing (tag "?PHP" with attributes). 
Invalid character (;) encountered while parsing (tag "?PHP" with attributes). 
Invalid character (;) encountered while parsing (tag "?PHP" with attributes). 
Invalid character (;) encountered while parsing (tag "?PHP" with attributes). 
Invalid character (;) encountered while parsing (tag "?PHP" with attributes). 
Invalid character (;) encountered while parsing (tag "?PHP" with attributes). 
Invalid character (;) encountered while parsing (tag "?PHP" with attributes). 
Invalid character (;) encountered while parsing (tag "?PHP" with attributes). 
Invalid character (;) encountered while parsing (tag "?PHP" with attributes). 
Invalid character (;) encountered while parsing (tag "?PHP" with attributes). 
Invalid character (;) encountered while parsing (tag "?PHP" with attributes). 
Invalid character (;) encountered while parsing (tag "?PHP" with attributes). 
Invalid character (;) encountered while parsing (tag "?PHP" with attributes). 
Invalid character (;) encountered while parsing (tag "?PHP" with attributes). 
Invalid character (;) encountered while parsing (tag "?PHP" with attributes). 
Invalid character (;) encountered while parsing (tag "?PHP" with attributes). 
Invalid character (;) encountered while parsing (tag "?PHP" with attributes). 
Invalid character (;) encountered while parsing (tag "?PHP" with attributes). 
Invalid character (;) encountered while parsing (tag "?PHP" with attributes). 
Invalid character (;) encountered while parsing (tag "?PHP" with attributes). 
Invalid character (;) encountered while parsing (tag "?PHP" with attributes). 
Invalid character (;) encountered while parsing (tag "?PHP" with attributes). 
Invalid character (;) encountered while parsing (tag "?PHP" with attributes). 
Invalid character (;) encountered while parsing (tag "?PHP" with attributes). 
Invalid character (;) encountered while parsing (tag "?PHP" with attributes). 
Invalid character (;) encountered while parsing (tag "?PHP" with attributes). 
Invalid character (;) encountered while parsing (tag "?PHP" with attributes). 
Invalid character (;) encountered while parsing (tag "?PHP" with attributes). 
Invalid character (;) encountered while parsing (tag "?PHP" with attributes). 
Invalid character (;) encountered while parsing (tag "?PHP" with attributes). 
Invalid character (;) encountered while parsing (tag "?PHP" with attributes). 
Invalid character (;) encountered while parsing (tag "?PHP" with attributes). 
Invalid character (;) encountered while parsing (tag "?PHP" with attributes). 
Invalid character (;) encountered while parsing (tag "?PHP" with attributes). 
Invalid character (;) encountered while parsing (tag "?PHP" with attributes). 
Invalid character (;) encountered while parsing (tag "?PHP" with attributes). 
Invalid character (;) encountered while parsing (tag "?PHP" with attributes). 
Invalid character (;) encountered while parsing (tag "?PHP" with attributes). 
Invalid character (;) encountered while parsing (tag "?PHP" with attributes). 
Invalid character (;) encountered while parsing (tag "?PHP" with attributes). 
Invalid character (;) encountered while parsing (tag "?PHP" with attributes). 
Invalid character (;) encountered while parsing (tag "?PHP" with attributes). 
Invalid character (;) encountered while parsing (tag "?PHP" with attributes). 
Invalid character (;) encountered while parsing (tag "?PHP" with attributes). 
Invalid character (;) encountered while parsing (tag "?PHP" with attributes). 
Invalid character (;) encountered while parsing (tag "?PHP" with attributes). 
Invalid character (;) encountered while parsing (tag "?PHP" with attributes). 
Invalid character (;) encountered while parsing (tag "?PHP" with attributes). 
Invalid character (;) encountered while parsing (tag "?PHP" with attributes). 
Invalid character (;) encountered while parsing (tag "?PHP" with attributes). 
Invalid character (;) encountered while parsing (tag "?PHP" with attributes). 
Invalid character (;) encountered while parsing (tag "?PHP" with attributes). 
Invalid character (;) encountered while parsing (tag "?PHP" with attributes). 
Invalid character (;) encountered while parsing (tag "?PHP" with attributes). 
Invalid character (;) encountered while parsing (tag "?PHP" with attributes). 
Invalid character (;) encountered while parsing (tag "?PHP" with attributes). 
Invalid character (;) encountered while parsing (tag "?PHP" with attributes). 
Invalid character (;) encountered while parsing (tag "?PHP" with attributes). 
Invalid character (;) encountered while parsing (tag "?PHP" with attributes). 
Invalid character (;) encountered while parsing (tag "?PHP" with attributes). 
Invalid character (;) encountered while parsing (tag "?PHP" with attributes). 
Invalid character (;) encountered while parsing (tag "?PHP" with attributes). 
Invalid character (;) encountered while parsing (tag "?PHP" with attributes). 
Invalid character (;) encountered while parsing (tag "?PHP" with attributes). 
Invalid character (;) encountered while parsing (tag "?PHP" with attributes). 
Invalid character (;) encountered while parsing (tag "?PHP" with attributes). 
Invalid character (;) encountered while parsing (tag "?PHP" with attributes). 
Invalid character (;) encountered while parsing (tag "?PHP" with attributes). 
Invalid character (;) encountered while parsing (tag "?PHP" with attributes). 
Invalid character (;) encountered while parsing (tag "?PHP" with attributes). 
Invalid character (;) encountered while parsing (tag "?PHP" with attributes). 
Invalid character (;) encountered while parsing (tag "?PHP" with attributes). 
Invalid character (;) encountered while parsing (tag "?PHP" with attributes). 
Invalid character (;) encountered while parsing (tag "?PHP" with attributes). 
Invalid character (;) encountered while parsing (tag "?PHP" with attributes). 
Invalid character (;) encountered while parsing (tag "?PHP" with attributes). 
Invalid character (;) encountered while parsing (tag "?PHP" with attributes). 
Invalid character (;) encountered while parsing (tag "?PHP" with attributes). 
Invalid character (;) encountered while parsing (tag "?PHP" with attributes). 
Invalid character (;) encountered while parsing (tag "?PHP" with attributes). 
Invalid character (;) encountered while parsing (tag "?PHP" with attributes). 
Invalid character (;) encountered while parsing (tag "?PHP" with attributes). 
Invalid character (;) encountered while parsing (tag "?PHP" with attributes). 
Invalid character (;) encountered while parsing (tag "?PHP" with attributes). 
Invalid character (;) encountered while parsing (tag "?PHP" with attributes). 
Invalid character (;) encountered while parsing (tag "?PHP" with attributes). 
Invalid character (;) encountered while parsing (tag "?PHP" with attributes). 
Invalid character (;) encountered while parsing (tag "?PHP" with attributes). 
Invalid character (;) encountered while parsing (tag "?PHP" with attributes). 
Invalid character (;) encountered while parsing (tag "?PHP" with attributes). 
Invalid character (;) encountered while parsing (tag "?PHP" with attributes). 
Invalid character (;) encountered while parsing (tag "?PHP" with attributes). 
Invalid character (;) encountered while parsing (tag "?PHP" with attributes). 
Invalid character (;) encountered while parsing (tag "?PHP" with attributes). 
Invalid character (;) encountered while parsing (tag "?PHP" with attributes). 
Invalid character (;) encountered while parsing (tag "?PHP" with attributes). 
Invalid character (;) encountered while parsing (tag "?PHP" with attributes). 
Invalid character (;) encountered while parsing (tag "?PHP" with attributes). 
Invalid character (;) encountered while parsing (tag "?PHP" with attributes). 
Invalid character (;) encountered while parsing (tag "?PHP" with attributes). 
Invalid character (;) encountered while parsing (tag "?PHP" with attributes). 
Invalid character (;) encountered while parsing (tag "?PHP" with attributes). 
Invalid character (;) encountered while parsing (tag "?PHP" with attributes). 
Invalid character (;) encountered while parsing (tag "?PHP" with attributes). 
Invalid character (;) encountered while parsing (tag "?PHP" with attributes). 
Invalid character (;) encountered while parsing (tag "?PHP" with attributes). 
Invalid character (;) encountered while parsing (tag "?PHP" with attributes). 
Invalid character (;) encountered while parsing (tag "?PHP" with attributes). 
Invalid character (;) encountered while parsing (tag "?PHP" with attributes). 
Invalid character (;) encountered while parsing (tag "?PHP" with attributes). 
Invalid character (;) encountered while parsing (tag "?PHP" with attributes). 
Invalid character (;) encountered while parsing (tag "?PHP" with attributes). 
Invalid character (;) encountered while parsing (tag "?PHP" with attributes). 
Invalid character (;) encountered while parsing (tag "?PHP" with attributes). 
Invalid character (;) encountered while parsing (tag "?PHP" with attributes). 
Invalid character (;) encountered while parsing (tag "?PHP" with attributes). 
Invalid character (;) encountered while parsing (tag "?PHP" with attributes). 
Invalid character (;) encountered while parsing (tag "?PHP" with attributes). 
Invalid character (;) encountered while parsing (tag "?PHP" with attributes). 
Invalid character (;) encountered while parsing (tag "?PHP" with attributes). 
Invalid character (;) encountered while parsing (tag "?PHP" with attributes). 
Invalid character (;) encountered while parsing (tag "?PHP" with attributes). 
Invalid character (;) encountered while parsing (tag "?PHP" with attributes). 
Invalid character (;) encountered while parsing (tag "?PHP" with attributes). 
Invalid character (;) encountered while parsing (tag "?PHP" with attributes). 
Invalid character (;) encountered while parsing (tag "?PHP" with attributes). 
Invalid character (;) encountered while parsing (tag "?PHP" with attributes). 
Invalid character (;) encountered while parsing (tag "?PHP" with attributes). 
Invalid character (;) encountered while parsing (tag "?PHP" with attributes). 
Invalid character (;) encountered while parsing (tag "?PHP" with attributes). 
Invalid character (;) encountered while parsing (tag "?PHP" with attributes). 
Invalid character (;) encountered while parsing (tag "?PHP" with attributes). 
Invalid character (;) encountered while parsing (tag "?PHP" with attributes). 
Invalid character (;) encountered while parsing (tag "?PHP" with attributes). 
Invalid character (;) encountered while parsing (tag "?PHP" with attributes). 
Invalid character (;) encountered while parsing (tag "?PHP" with attributes). 
Invalid character (;) encountered while parsing (tag "?PHP" with attributes). 
Invalid character (;) encountered while parsing (tag "?PHP" with attributes). 
Invalid character (;) encountered while parsing (tag "?PHP" with attributes). 
Invalid character ($) encountered while parsing (tag "?PHP" with attributes). 
Invalid character (}) encountered while parsing (tag "?PHP" with attributes). 
Invalid character (}) encountered while parsing (tag "?PHP" with attributes). 
Invalid character (;) encountered while parsing (tag "?PHP" with attributes). 
Invalid character (;) encountered while parsing (tag "?PHP" with attributes). 
Invalid character (;) encountered while parsing (tag "?PHP" with attributes). 
Invalid character (;) encountered while parsing (tag "?PHP" with attributes). 
Invalid character (;) encountered while parsing (tag "?PHP" with attributes). 
Invalid character (;) encountered while parsing (tag "?PHP" with attributes). 
Invalid character (;) encountered while parsing (tag "?PHP" with attributes). 
Invalid character ($) encountered while parsing (tag "?PHP" with attributes). 
Invalid character (;) encountered while parsing (tag "?PHP" with attributes). 
Invalid character (;) encountered while parsing (tag "?PHP" with attributes). 
Invalid character (;) encountered while parsing (tag "?PHP" with attributes). 
Invalid character (;) encountered while parsing (tag "?PHP" with attributes). 
Invalid character (;) encountered while parsing (tag "?PHP" with attributes). 
Invalid character (;) encountered while parsing (tag "?PHP" with attributes). 
Invalid character (;) encountered while parsing (tag "?PHP" with attributes). 
Invalid character (;) encountered while parsing (tag "?PHP" with attributes). 
Invalid character (;) encountered while parsing (tag "?PHP" with attributes). 
Invalid character (;) encountered while parsing (tag "?PHP" with attributes). 
Invalid character (;) encountered while parsing (tag "?PHP" with attributes). 
Invalid character (;) encountered while parsing (tag "?PHP" with attributes). 
Invalid character (;) encountered while parsing (tag "?PHP" with attributes). 
Invalid character (;) encountered while parsing (tag "?PHP" with attributes). 
Invalid character (;) encountered while parsing (tag "?PHP" with attributes). 
Invalid character (;) encountered while parsing (tag "?PHP" with attributes). 
Invalid character (;) encountered while parsing (tag "?PHP" with attributes). 
Invalid character (;) encountered while parsing (tag "?PHP" with attributes). 
Invalid character (;) encountered while parsing (tag "?PHP" with attributes). 
Invalid character (;) encountered while parsing (tag "?PHP" with attributes). 
Invalid character (;) encountered while parsing (tag "?PHP" with attributes). 
Invalid character (;) encountered while parsing (tag "?PHP" with attributes). 
Invalid character (;) encountered while parsing (tag "?PHP" with attributes). 
Invalid character (;) encountered while parsing (tag "?PHP" with attributes). 
Invalid character (;) encountered while parsing (tag "?PHP" with attributes). 
Invalid character (;) encountered while parsing (tag "?PHP" with attributes). 
Invalid character (;) encountered while parsing (tag "?PHP" with attributes). 
Invalid character (;) encountered while parsing (tag "?PHP" with attributes). 
Invalid character (;) encountered while parsing (tag "?PHP" with attributes). 
Invalid character (;) encountered while parsing (tag "?PHP" with attributes). 
Invalid character (;) encountered while parsing (tag "?PHP" with attributes). 
Invalid character (;) encountered while parsing (tag "?PHP" with attributes). 
Invalid character (;) encountered while parsing (tag "?PHP" with attributes). 
Invalid character (;) encountered while parsing (tag "?PHP" with attributes). 
Invalid character (;) encountered while parsing (tag "?PHP" with attributes). 
Invalid character (;) encountered while parsing (tag "?PHP" with attributes). 
Invalid character (;) encountered while parsing (tag "?PHP" with attributes). 
Invalid character (;) encountered while parsing (tag "?PHP" with attributes). 
Invalid character (;) encountered while parsing (tag "?PHP" with attributes). 
Invalid character (;) encountered while parsing (tag "?PHP" with attributes). 
Invalid character (;) encountered while parsing (tag "?PHP" with attributes). 
Invalid character (;) encountered while parsing (tag "?PHP" with attributes). 
Invalid character (;) encountered while parsing (tag "?PHP" with attributes). 
Invalid character (;) encountered while parsing (tag "?PHP" with attributes). 
Invalid character (;) encountered while parsing (tag "?PHP" with attributes). 
Invalid character (;) encountered while parsing (tag "?PHP" with attributes). 
Invalid character (;) encountered while parsing (tag "?PHP" with attributes). 
Invalid character (;) encountered while parsing (tag "?PHP" with attributes). 
Invalid character (;) encountered while parsing (tag "?PHP" with attributes). 
Invalid character (;) encountered while parsing (tag "?PHP" with attributes). 
Invalid character (;) encountered while parsing (tag "?PHP" with attributes). 
Invalid character (;) encountered while parsing (tag "?PHP" with attributes). 
Invalid character (;) encountered while parsing (tag "?PHP" with attributes). 
Invalid character (;) encountered while parsing (tag "?PHP" with attributes). 
Invalid character (;) encountered while parsing (tag "?PHP" with attributes). 
Invalid character (;) encountered while parsing (tag "?PHP" with attributes). 
Invalid character (;) encountered while parsing (tag "?PHP" with attributes). 
Invalid character (;) encountered while parsing (tag "?PHP" with attributes). 
Invalid character (;) encountered while parsing (tag "?PHP" with attributes). 
Invalid character (;) encountered while parsing (tag "?PHP" with attributes). 
Invalid quoted string 'F' encountered while parsing (tag "?PHP" with attributes echo=). 
Invalid character ($) encountered while parsing (tag "?PHP" with attributes echo=). 
Invalid character (;) encountered while parsing (tag "?PHP" with attributes). 
Invalid character (;) encountered while parsing (tag "?PHP" with attributes). 
Invalid character (;) encountered while parsing (tag "?PHP" with attributes). 
Invalid character (;) encountered while parsing (tag "?PHP" with attributes). 
Invalid character (;) encountered while parsing (tag "?PHP" with attributes). 
Invalid character (;) encountered while parsing (tag "?PHP" with attributes). 
Invalid character (;) encountered while parsing (tag "?PHP" with attributes). 
Invalid character (;) encountered while parsing (tag "?PHP" with attributes). 
Invalid character (;) encountered while parsing (tag "?PHP" with attributes). 
Invalid character (;) encountered while parsing (tag "?PHP" with attributes). 
Invalid character (;) encountered while parsing (tag "?PHP" with attributes). 
Invalid character (;) encountered while parsing (tag "?PHP" with attributes). 
Invalid character (;) encountered while parsing (tag "?PHP" with attributes). 
Invalid character (;) encountered while parsing (tag "?PHP" with attributes). 
Invalid character (;) encountered while parsing (tag "?PHP" with attributes). 
Invalid character (;) encountered while parsing (tag "?PHP" with attributes). 
Invalid character (;) encountered while parsing (tag "?PHP" with attributes). 
Invalid character (;) encountered while parsing (tag "?PHP" with attributes). 
Invalid character (;) encountered while parsing (tag "?PHP" with attributes). 
Invalid character (;) encountered while parsing (tag "?PHP" with attributes). 
Invalid character (;) encountered while parsing (tag "?PHP" with attributes). 
Invalid character (}) encountered while parsing (tag "?PHP" with attributes). 
Invalid character (}) encountered while parsing (tag "?PHP" with attributes). 
Invalid quoted string '' encountered while parsing (tag "?PHP" with attributes). 
Invalid character (}) encountered while parsing (tag "?PHP" with attributes). 
Invalid character ($) encountered while parsing (tag "?PHP" with attributes echo=). 
Invalid character ($) encountered while parsing (tag "?PHP" with attributes echo=). 
Invalid character ($) encountered while parsing (tag "?PHP" with attributes echo=). 
Invalid character ($) encountered while parsing (tag "?PHP" with attributes echo=). 
Invalid quoted string 'F' encountered while parsing (tag "?PHP" with attributes echo=). 
Invalid character ($) encountered while parsing (tag "?PHP" with attributes). 
Invalid character ($) encountered while parsing (tag "?PHP" with attributes). 
Invalid character (;) encountered while parsing (tag "?PHP" with attributes). 
Invalid character (;) encountered while parsing (tag "?PHP" with attributes). 
Invalid character (;) encountered while parsing (tag "?PHP" with attributes). 
Invalid character (;) encountered while parsing (tag "?PHP" with attributes). 
Invalid character (;) encountered while parsing (tag "?PHP" with attributes). 
Invalid character (;) encountered while parsing (tag "?PHP" with attributes). 
Invalid character (;) encountered while parsing (tag "?PHP" with attributes). 
Invalid character (;) encountered while parsing (tag "?PHP" with attributes). 
Invalid character (;) encountered while parsing (tag "?PHP" with attributes). 
Invalid character (;) encountered while parsing (tag "?PHP" with attributes). 
Invalid character (;) encountered while parsing (tag "?PHP" with attributes). 
Invalid character (;) encountered while parsing (tag "?PHP" with attributes). 
Invalid character ($) encountered while parsing (tag "?PHP" with attributes). 
Invalid character (}) encountered while parsing (tag "?PHP" with attributes). 
Invalid character (;) encountered while parsing (tag "?PHP" with attributes). 
Invalid character (;) encountered while parsing (tag "?PHP" with attributes). 
Invalid character (;) encountered while parsing (tag "?PHP" with attributes). 
Invalid character ($) encountered while parsing (tag "?IF" with attributes). 
Invalid character ($) encountered while parsing (tag "?IF" with attributes). 
Invalid character ($) encountered while parsing (tag "?IF" with attributes). 
Invalid character (;) encountered while parsing (tag "?PHP" with attributes). 
Invalid character (;) encountered while parsing (tag "?PHP" with attributes). 
Invalid character (;) encountered while parsing (tag "?PHP" with attributes). 
Invalid character (;) encountered while parsing (tag "?PHP" with attributes). 
Invalid character (;) encountered while parsing (tag "?PHP" with attributes). 
Invalid character (;) encountered while parsing (tag "?PHP" with attributes). 
Invalid character (;) encountered while parsing (tag "?PHP" with attributes). 
Invalid character (;) encountered while parsing (tag "?PHP" with attributes). 
Invalid character (;) encountered while parsing (tag "?PHP" with attributes). 
Invalid character (;) encountered while parsing (tag "?PHP" with attributes). 
Invalid character (;) encountered while parsing (tag "?PHP" with attributes). 
Invalid character (;) encountered while parsing (tag "?PHP" with attributes). 
Invalid character (;) encountered while parsing (tag "?PHP" with attributes). 
Invalid character (;) encountered while parsing (tag "?PHP" with attributes). 
Invalid character (;) encountered while parsing (tag "?PHP" with attributes). 
Invalid character (;) encountered while parsing (tag "?PHP" with attributes). 
Invalid character (;) encountered while parsing (tag "?PHP" with attributes). 
Invalid character (;) encountered while parsing (tag "?PHP" with attributes). 
Invalid character (;) encountered while parsing (tag "?PHP" with attributes). 
Invalid character (;) encountered while parsing (tag "?PHP" with attributes). 
Invalid character (;) encountered while parsing (tag "?PHP" with attributes). 
Invalid character (;) encountered while parsing (tag "?PHP" with attributes). 
Invalid character (;) encountered while parsing (tag "?PHP" with attributes). 
Invalid character (;) encountered while parsing (tag "?PHP" with attributes). 
Invalid character (;) encountered while parsing (tag "?PHP" with attributes). 
Invalid character (;) encountered while parsing (tag "?PHP" with attributes). 
Invalid character (;) encountered while parsing (tag "?PHP" with attributes). 
Invalid character (;) encountered while parsing (tag "?PHP" with attributes). 
Invalid character (;) encountered while parsing (tag "?PHP" with attributes). 
Invalid quoted string 'dbcon.php' encountered while parsing (tag "?PHP" with attributes). 
Invalid quoted string 'dbcon.php' encountered while parsing (tag "?PHP" with attributes). 
Invalid character (;) encountered while parsing (tag "?PHP" with attributes). 
Invalid character (;) encountered while parsing (tag "?PHP" with attributes). 
Invalid character (;) encountered while parsing (tag "?PHP" with attributes). 
Invalid character (;) encountered while parsing (tag "?PHP" with attributes). 
Invalid character (;) encountered while parsing (tag "?PHP" with attributes). 
Invalid character (;) encountered while parsing (tag "?PHP" with attributes). 
Invalid character (;) encountered while parsing (tag "?PHP" with attributes). 
Invalid character (;) encountered while parsing (tag "?PHP" with attributes). 
Invalid character (;) encountered while parsing (tag "?PHP" with attributes). 
Invalid character (;) encountered while parsing (tag "?PHP" with attributes). 
Invalid character (;) encountered while parsing (tag "?PHP" with attributes). 
Invalid character (;) encountered while parsing (tag "?PHP" with attributes). 
Invalid character (;) encountered while parsing (tag "?PHP" with attributes). 
Invalid character (;) encountered while parsing (tag "?PHP" with attributes). 
Invalid character (;) encountered while parsing (tag "?PHP" with attributes). 
Invalid character (;) encountered while parsing (tag "?PHP" with attributes). 
Invalid character (;) encountered while parsing (tag "?PHP" with attributes). 
Invalid character (;) encountered while parsing (tag "?PHP" with attributes). 
Invalid character (;) encountered while parsing (tag "?PHP" with attributes). 
Invalid character (;) encountered while parsing (tag "?PHP" with attributes). 
Invalid character (;) encountered while parsing (tag "?PHP" with attributes). 
Invalid character (;) encountered while parsing (tag "?PHP" with attributes). 
Invalid character (;) encountered while parsing (tag "?PHP" with attributes). 
Invalid character (;) encountered while parsing (tag "?PHP" with attributes). 
Invalid character (;) encountered while parsing (tag "?PHP" with attributes). 
Invalid character (;) encountered while parsing (tag "?PHP" with attributes). 
Invalid character (;) encountered while parsing (tag "?PHP" with attributes). 
Invalid character (;) encountered while parsing (tag "?PHP" with attributes). 
Invalid character (;) encountered while parsing (tag "?PHP" with attributes). 
Invalid character (;) encountered while parsing (tag "?PHP" with attributes). 
Invalid character (;) encountered while parsing (tag "?PHP" with attributes). 
Invalid character (;) encountered while parsing (tag "?PHP" with attributes). 
Invalid character (;) encountered while parsing (tag "?PHP" with attributes). 
Invalid character (;) encountered while parsing (tag "?PHP" with attributes). 
Invalid character ($) encountered while parsing (tag "?PHP" with attributes). 
Invalid character ($) encountered while parsing (tag "?PHP" with attributes). 
Invalid character ($) encountered while parsing (tag "?PHP" with attributes). 
Invalid character ($) encountered while parsing (tag "?PHP" with attributes). 
Invalid character ($) encountered while parsing (tag "?PHP" with attributes). 
Invalid character (;) encountered while parsing (tag "?PHP" with attributes). 
Invalid character (;) encountered while parsing (tag "?PHP" with attributes). 
Invalid character (;) encountered while parsing (tag "?PHP" with attributes). 
Invalid character (;) encountered while parsing (tag "?PHP" with attributes). 
Invalid character (;) encountered while parsing (tag "?PHP" with attributes). 
Invalid character (;) encountered while parsing (tag "?PHP" with attributes). 
Invalid character (;) encountered while parsing (tag "?PHP" with attributes). 
Invalid character (;) encountered while parsing (tag "?PHP" with attributes). 
Invalid character (;) encountered while parsing (tag "?PHP" with attributes). 
Invalid character (;) encountered while parsing (tag "?PHP" with attributes). 
Invalid character ($) encountered while parsing (tag "?PHP" with attributes). 
Invalid character ($) encountered while parsing (tag "?PHP" with attributes). 
Invalid quoted string 'dbcon.php' encountered while parsing (tag "?PHP" with attributes). 
Invalid quoted string 'dbcon.php' encountered while parsing (tag "?PHP" with attributes). 
Invalid quoted string 'dbcon.php' encountered while parsing (tag "?PHP" with attributes). 
Invalid quoted string 'dbcon.php' encountered while parsing (tag "?PHP" with attributes). 
Invalid character (;) encountered while parsing (tag "?PHP" with attributes). 
