Invalid character (;) encountered while parsing (tag "?PHP" with attributes). 
Invalid character (;) encountered while parsing (tag "?PHP" with attributes). 
Invalid character (;) encountered while parsing (tag "?PHP" with attributes). 
Invalid character (;) encountered while parsing (tag "?PHP" with attributes). 
Invalid character (;) encountered while parsing (tag "?PHP" with attributes). 
Invalid character (;) encountered while parsing (tag "?PHP" with attributes). 
Invalid character (;) encountered while parsing (tag "?PHP" with attributes). 
Invalid character (;) encountered while parsing (tag "?PHP" with attributes). 
Invalid character (;) encountered while parsing (tag "?PHP" with attributes). 
Invalid character ($) encountered while parsing (tag "?PHP" with attributes). 
Invalid character ($) encountered while parsing (tag "?PHP" with attributes). 
Invalid character ($) encountered while parsing (tag "?PHP" with attributes). 
Invalid character (;) encountered while parsing (tag "?PHP" with attributes). 
Invalid character (;) encountered while parsing (tag "?PHP" with attributes). 
Invalid character (;) encountered while parsing (tag "?PHP" with attributes). 
Invalid character (;) encountered while parsing (tag "?PHP" with attributes). 
Invalid character (;) encountered while parsing (tag "?PHP" with attributes). 
Invalid character (;) encountered while parsing (tag "?PHP" with attributes). 
Invalid character (;) encountered while parsing (tag "?PHP" with attributes). 
Invalid character (;) encountered while parsing (tag "?PHP" with attributes). 
Invalid character (;) encountered while parsing (tag "?PHP" with attributes). 
Invalid character (;) encountered while parsing (tag "?PHP" with attributes). 
Invalid character (;) encountered while parsing (tag "?PHP" with attributes). 
Invalid character (;) encountered while parsing (tag "?PHP" with attributes). 
Invalid character (;) encountered while parsing (tag "?PHP" with attributes). 
Invalid character (;) encountered while parsing (tag "?PHP" with attributes). 
Invalid character (;) encountered while parsing (tag "?PHP" with attributes). 
Invalid quoted string '../dbcon.php' encountered while parsing (tag "?PHP" with attributes). 
Invalid quoted string '../dbcon.php' encountered while parsing (tag "?PHP" with attributes). 
Invalid quoted string '../dbcon.php' encountered while parsing (tag "?PHP" with attributes). 
Invalid quoted string '../dbcon.php' encountered while parsing (tag "?PHP" with attributes). 
Invalid quoted string '../dbcon.php' encountered while parsing (tag "?PHP" with attributes). 
Invalid quoted string '../dbcon.php' encountered while parsing (tag "?PHP" with attributes). 
Invalid quoted string '../dbcon.php' encountered while parsing (tag "?PHP" with attributes). 
Invalid quoted string '../dbcon.php' encountered while parsing (tag "?PHP" with attributes). 
Invalid quoted string '../dbcon.php' encountered while parsing (tag "?PHP" with attributes). 
Invalid quoted string '../dbcon.php' encountered while parsing (tag "?PHP" with attributes). 
Invalid character (;) encountered while parsing (tag "?PHP" with attributes). 
Invalid character (;) encountered while parsing (tag "?PHP" with attributes). 
Invalid character (;) encountered while parsing (tag "?PHP" with attributes). 
Invalid character (;) encountered while parsing (tag "?PHP" with attributes). 
Invalid character (;) encountered while parsing (tag "?PHP" with attributes). 
Invalid character (;) encountered while parsing (tag "?PHP" with attributes). 
Invalid character (;) encountered while parsing (tag "?PHP" with attributes). 
Invalid character (;) encountered while parsing (tag "?PHP" with attributes). 
Invalid character (;) encountered while parsing (tag "?PHP" with attributes). 
Invalid character (;) encountered while parsing (tag "?PHP" with attributes). 
Invalid character (;) encountered while parsing (tag "?PHP" with attributes). 
Invalid character (;) encountered while parsing (tag "?PHP" with attributes). 
Invalid character (;) encountered while parsing (tag "?PHP" with attributes). 
Invalid character (;) encountered while parsing (tag "?PHP" with attributes). 
Invalid character (;) encountered while parsing (tag "?PHP" with attributes). 
Invalid character (;) encountered while parsing (tag "?PHP" with attributes). 
Invalid character (;) encountered while parsing (tag "?PHP" with attributes). 
Invalid character (;) encountered while parsing (tag "?PHP" with attributes). 
Invalid character (;) encountered while parsing (tag "?PHP" with attributes). 
Invalid character (;) encountered while parsing (tag "?PHP" with attributes). 
Invalid character (;) encountered while parsing (tag "?PHP" with attributes). 
Invalid character (;) encountered while parsing (tag "?PHP" with attributes). 
Invalid character (;) encountered while parsing (tag "?PHP" with attributes). 
Invalid character (;) encountered while parsing (tag "?PHP" with attributes). 
Invalid character (;) encountered while parsing (tag "?PHP" with attributes). 
Invalid character (;) encountered while parsing (tag "?PHP" with attributes). 
Invalid character (;) encountered while parsing (tag "?PHP" with attributes). 
Invalid character (;) encountered while parsing (tag "?PHP" with attributes). 
Invalid character (;) encountered while parsing (tag "?PHP" with attributes). 
Invalid character (;) encountered while parsing (tag "?PHP" with attributes). 
Invalid character (;) encountered while parsing (tag "?PHP" with attributes). 
Invalid character (;) encountered while parsing (tag "?PHP" with attributes). 
Invalid character (;) encountered while parsing (tag "?PHP" with attributes). 
Invalid character (;) encountered while parsing (tag "?PHP" with attributes). 
Invalid character (;) encountered while parsing (tag "?PHP" with attributes). 
Invalid character (;) encountered while parsing (tag "?PHP" with attributes). 
Invalid character (;) encountered while parsing (tag "?PHP" with attributes). 
Invalid character (;) encountered while parsing (tag "?PHP" with attributes). 
Invalid character (;) encountered while parsing (tag "?PHP" with attributes). 
Invalid character (;) encountered while parsing (tag "?PHP" with attributes). 
Invalid character (;) encountered while parsing (tag "?PHP" with attributes). 
Invalid character (;) encountered while parsing (tag "?PHP" with attributes). 
Invalid character (;) encountered while parsing (tag "?PHP" with attributes). 
Invalid character (;) encountered while parsing (tag "?PHP" with attributes). 
Invalid character (;) encountered while parsing (tag "?PHP" with attributes). 
Invalid character (;) encountered while parsing (tag "?PHP" with attributes). 
Invalid character (;) encountered while parsing (tag "?PHP" with attributes). 
Invalid character (;) encountered while parsing (tag "?PHP" with attributes). 
Invalid character (;) encountered while parsing (tag "?PHP" with attributes). 
Invalid character (;) encountered while parsing (tag "?PHP" with attributes). 
Invalid character (;) encountered while parsing (tag "?PHP" with attributes). 
Invalid character (;) encountered while parsing (tag "?PHP" with attributes). 
Invalid character (;) encountered while parsing (tag "?PHP" with attributes). 
Invalid character (;) encountered while parsing (tag "?PHP" with attributes). 
Invalid character (;) encountered while parsing (tag "?PHP" with attributes). 
Invalid character ($) encountered while parsing (tag "?IF" with attributes). 
Invalid character ($) encountered while parsing (tag "?IF" with attributes). 
Invalid character (;) encountered while parsing (tag "?PHP" with attributes). 
Invalid character (;) encountered while parsing (tag "?PHP" with attributes). 
Invalid character (;) encountered while parsing (tag "?PHP" with attributes). 
Invalid character (;) encountered while parsing (tag "?PHP" with attributes). 
Invalid character (;) encountered while parsing (tag "?PHP" with attributes). 
Invalid character (;) encountered while parsing (tag "?PHP" with attributes). 
Invalid character (;) encountered while parsing (tag "?PHP" with attributes). 
Invalid character (;) encountered while parsing (tag "?PHP" with attributes). 
Invalid character (;) encountered while parsing (tag "?PHP" with attributes). 
Invalid character (;) encountered while parsing (tag "?PHP" with attributes). 
Invalid character (;) encountered while parsing (tag "?PHP" with attributes). 
Invalid character (;) encountered while parsing (tag "?PHP" with attributes). 
Invalid character (;) encountered while parsing (tag "?PHP" with attributes). 
Invalid character (;) encountered while parsing (tag "?PHP" with attributes). 
Invalid character (;) encountered while parsing (tag "?PHP" with attributes). 
Invalid character (;) encountered while parsing (tag "?PHP" with attributes). 
Invalid character (;) encountered while parsing (tag "?PHP" with attributes). 
Invalid character (;) encountered while parsing (tag "?PHP" with attributes). 
Invalid character (;) encountered while parsing (tag "?PHP" with attributes). 
Invalid character (;) encountered while parsing (tag "?PHP" with attributes). 
Invalid character (;) encountered while parsing (tag "?PHP" with attributes). 
Invalid character (;) encountered while parsing (tag "?PHP" with attributes). 
Invalid character (;) encountered while parsing (tag "?PHP" with attributes). 
Invalid character (;) encountered while parsing (tag "?PHP" with attributes). 
Invalid character (;) encountered while parsing (tag "?PHP" with attributes). 
Invalid character (;) encountered while parsing (tag "?PHP" with attributes). 
Invalid character (;) encountered while parsing (tag "?PHP" with attributes). 
Invalid character (;) encountered while parsing (tag "?PHP" with attributes). 
Invalid character (;) encountered while parsing (tag "?PHP" with attributes). 
Invalid character (;) encountered while parsing (tag "?PHP" with attributes). 
Invalid character (;) encountered while parsing (tag "?PHP" with attributes). 
Invalid character (;) encountered while parsing (tag "?PHP" with attributes). 
Invalid character (;) encountered while parsing (tag "?PHP" with attributes). 
Invalid character (;) encountered while parsing (tag "?PHP" with attributes). 
Invalid character (;) encountered while parsing (tag "?PHP" with attributes). 
Invalid character (;) encountered while parsing (tag "?PHP" with attributes). 
Invalid slash (/) encountered while parsing (tag "?PHP" with attributes). 
Invalid slash (/) encountered while parsing (tag "?PHP" with attributes). 
Invalid slash (/) encountered while parsing (tag "?PHP" with attributes). 
Invalid slash (/) encountered while parsing (tag "?PHP" with attributes). 
Invalid slash (/) encountered while parsing (tag "?PHP" with attributes). 
Invalid slash (/) encountered while parsing (tag "?PHP" with attributes). 
Invalid character ($) encountered while parsing (tag "?PHP" with attributes). 
Invalid character ($) encountered while parsing (tag "?PHP" with attributes). 
Invalid character ($) encountered while parsing (tag "?PHP" with attributes). 
Invalid character ($) encountered while parsing (tag "?PHP" with attributes). 
Invalid character ($) encountered while parsing (tag "?PHP" with attributes). 
Invalid character (;) encountered while parsing (tag "?PHP" with attributes). 
Invalid character (;) encountered while parsing (tag "?PHP" with attributes). 
Invalid character (;) encountered while parsing (tag "?PHP" with attributes). 
Invalid character (;) encountered while parsing (tag "?PHP" with attributes). 
Invalid character ($) encountered while parsing (tag "?PHP" with attributes). 
Invalid character ($) encountered while parsing (tag "?PHP" with attributes). 
Invalid character ($) encountered while parsing (tag "?PHP" with attributes). 
Invalid character ($) encountered while parsing (tag "?PHP" with attributes). 
Invalid character ($) encountered while parsing (tag "?PHP" with attributes). 
Invalid quoted string 'dbcon.php' encountered while parsing (tag "?PHP" with attributes). 
Invalid quoted string 'dbcon.php' encountered while parsing (tag "?PHP" with attributes). 
Invalid quoted string 'dbcon.php' encountered while parsing (tag "?PHP" with attributes). 
Invalid quoted string 'dbcon.php' encountered while parsing (tag "?PHP" with attributes). 
Invalid quoted string 'dbcon.php' encountered while parsing (tag "?PHP" with attributes). 
Invalid quoted string 'dbcon.php' encountered while parsing (tag "?PHP" with attributes). 
Invalid quoted string 'dbcon.php' encountered while parsing (tag "?PHP" with attributes). 
Invalid character ($) encountered while parsing (tag "?PHP" with attributes). 
Invalid character ($) encountered while parsing (tag "?PHP" with attributes). 
Invalid character ($) encountered while parsing (tag "?PHP" with attributes). 
Invalid character ($) encountered while parsing (tag "?PHP" with attributes). 
Invalid character ($) encountered while parsing (tag "?PHP" with attributes). 
Invalid character ($) encountered while parsing (tag "?PHP" with attributes). 
Invalid character (;) encountered while parsing (tag "?PHP" with attributes). 
Invalid character (;) encountered while parsing (tag "?PHP" with attributes). 
Invalid character (;) encountered while parsing (tag "?PHP" with attributes). 
Invalid character (;) encountered while parsing (tag "?PHP" with attributes). 
Invalid character (;) encountered while parsing (tag "?PHP" with attributes). 
Invalid character (;) encountered while parsing (tag "?PHP" with attributes). 
Invalid character (;) encountered while parsing (tag "?PHP" with attributes). 
Invalid character (;) encountered while parsing (tag "?PHP" with attributes). 
Invalid character (;) encountered while parsing (tag "?PHP" with attributes). 
Invalid character (;) encountered while parsing (tag "?PHP" with attributes). 
Invalid character (;) encountered while parsing (tag "?PHP" with attributes). 
Invalid character (;) encountered while parsing (tag "?PHP" with attributes). 
Invalid character (;) encountered while parsing (tag "?PHP" with attributes). 
Invalid character (;) encountered while parsing (tag "?PHP" with attributes). 
Invalid character (;) encountered while parsing (tag "?PHP" with attributes). 
Invalid character (;) encountered while parsing (tag "?PHP" with attributes). 
Invalid character (;) encountered while parsing (tag "?PHP" with attributes). 
Invalid character (;) encountered while parsing (tag "?PHP" with attributes). 
Invalid character (;) encountered while parsing (tag "?PHP" with attributes). 
Invalid character (;) encountered while parsing (tag "?PHP" with attributes). 
Invalid character (;) encountered while parsing (tag "?PHP" with attributes). 
Invalid character (;) encountered while parsing (tag "?PHP" with attributes). 
Invalid character (;) encountered while parsing (tag "?PHP" with attributes). 
Invalid character (;) encountered while parsing (tag "?PHP" with attributes). 
Invalid character (;) encountered while parsing (tag "?PHP" with attributes). 
Invalid character (;) encountered while parsing (tag "?PHP" with attributes). 
Invalid character (;) encountered while parsing (tag "?PHP" with attributes). 
Invalid character (;) encountered while parsing (tag "?PHP" with attributes). 
Invalid character (;) encountered while parsing (tag "?PHP" with attributes). 
Invalid character (;) encountered while parsing (tag "?PHP" with attributes). 
Invalid character (;) encountered while parsing (tag "?PHP" with attributes). 
Invalid character (;) encountered while parsing (tag "?PHP" with attributes). 
Invalid character (;) encountered while parsing (tag "?PHP" with attributes). 
Invalid character (;) encountered while parsing (tag "?PHP" with attributes). 
Invalid character (;) encountered while parsing (tag "?PHP" with attributes). 
Invalid character (;) encountered while parsing (tag "?PHP" with attributes). 
Invalid character (;) encountered while parsing (tag "?PHP" with attributes). 
Invalid character (;) encountered while parsing (tag "?PHP" with attributes). 
Invalid character (;) encountered while parsing (tag "?PHP" with attributes). 
Invalid character (;) encountered while parsing (tag "?PHP" with attributes). 
Invalid character (;) encountered while parsing (tag "?PHP" with attributes). 
Invalid character (;) encountered while parsing (tag "?PHP" with attributes). 
Invalid character (;) encountered while parsing (tag "?PHP" with attributes). 
Invalid character (;) encountered while parsing (tag "?PHP" with attributes). 
Invalid character (;) encountered while parsing (tag "?PHP" with attributes). 
Invalid character (;) encountered while parsing (tag "?PHP" with attributes). 
Invalid character (;) encountered while parsing (tag "?PHP" with attributes). 
Invalid character (;) encountered while parsing (tag "?PHP" with attributes). 
Invalid character (;) encountered while parsing (tag "?PHP" with attributes). 
Invalid character (;) encountered while parsing (tag "?PHP" with attributes). 
Invalid character (;) encountered while parsing (tag "?PHP" with attributes). 
Invalid character (;) encountered while parsing (tag "?PHP" with attributes). 
Invalid character (;) encountered while parsing (tag "?PHP" with attributes). 
Invalid character (;) encountered while parsing (tag "?PHP" with attributes). 
Invalid character (;) encountered while parsing (tag "?PHP" with attributes). 
Invalid character (;) encountered while parsing (tag "?PHP" with attributes). 
Invalid character (;) encountered while parsing (tag "?PHP" with attributes). 
Invalid character (;) encountered while parsing (tag "?PHP" with attributes). 
Invalid character (;) encountered while parsing (tag "?PHP" with attributes). 
Invalid character (;) encountered while parsing (tag "?PHP" with attributes). 
Invalid character (;) encountered while parsing (tag "?PHP" with attributes). 
Invalid character (;) encountered while parsing (tag "?PHP" with attributes). 
Invalid character (;) encountered while parsing (tag "?PHP" with attributes). 
Invalid character (;) encountered while parsing (tag "?PHP" with attributes). 
Invalid character (;) encountered while parsing (tag "?PHP" with attributes). 
Invalid character (;) encountered while parsing (tag "?PHP" with attributes). 
Invalid character (;) encountered while parsing (tag "?PHP" with attributes). 
Invalid character (;) encountered while parsing (tag "?PHP" with attributes). 
Invalid character (;) encountered while parsing (tag "?PHP" with attributes). 
Invalid character (;) encountered while parsing (tag "?PHP" with attributes). 
Invalid character (;) encountered while parsing (tag "?PHP" with attributes). 
Invalid character (;) encountered while parsing (tag "?PHP" with attributes). 
Invalid character (;) encountered while parsing (tag "?PHP" with attributes). 
Invalid character (;) encountered while parsing (tag "?PHP" with attributes). 
Invalid character (;) encountered while parsing (tag "?PHP" with attributes). 
Invalid character (;) encountered while parsing (tag "?PHP" with attributes). 
Invalid character (;) encountered while parsing (tag "?PHP" with attributes). 
Invalid character (;) encountered while parsing (tag "?PHP" with attributes). 
Invalid character (;) encountered while parsing (tag "?PHP" with attributes). 
Invalid character (;) encountered while parsing (tag "?PHP" with attributes). 
Invalid character (;) encountered while parsing (tag "?PHP" with attributes). 
Invalid character (;) encountered while parsing (tag "?PHP" with attributes). 
Invalid character (;) encountered while parsing (tag "?PHP" with attributes). 
Invalid character (;) encountered while parsing (tag "?PHP" with attributes). 
Invalid character (;) encountered while parsing (tag "?PHP" with attributes). 
Invalid character (;) encountered while parsing (tag "?PHP" with attributes). 
Invalid character (;) encountered while parsing (tag "?PHP" with attributes). 
Invalid character (;) encountered while parsing (tag "?PHP" with attributes). 
Invalid character (;) encountered while parsing (tag "?PHP" with attributes). 
Invalid character (;) encountered while parsing (tag "?PHP" with attributes). 
Invalid character (;) encountered while parsing (tag "?PHP" with attributes). 
Invalid character (;) encountered while parsing (tag "?PHP" with attributes). 
Invalid character (;) encountered while parsing (tag "?PHP" with attributes). 
Invalid character (;) encountered while parsing (tag "?PHP" with attributes). 
Invalid character (;) encountered while parsing (tag "?PHP" with attributes). 
Invalid character (;) encountered while parsing (tag "?PHP" with attributes). 
Invalid character (;) encountered while parsing (tag "?PHP" with attributes). 
Invalid character (;) encountered while parsing (tag "?PHP" with attributes). 
Invalid character (;) encountered while parsing (tag "?PHP" with attributes). 
Invalid character (;) encountered while parsing (tag "?PHP" with attributes). 
Invalid character (;) encountered while parsing (tag "?PHP" with attributes). 
Invalid character (;) encountered while parsing (tag "?PHP" with attributes). 
Invalid character (;) encountered while parsing (tag "?PHP" with attributes). 
Invalid character (;) encountered while parsing (tag "?PHP" with attributes). 
Invalid character (;) encountered while parsing (tag "?PHP" with attributes). 
Invalid character (;) encountered while parsing (tag "?PHP" with attributes). 
